{"meta": {"format": 3, "version": "7.13.4", "timestamp": "2026-03-04T18:47:21.353247", "branch_coverage": false, "show_contexts": false}, "files": {"src/su2_mcp/__init__.py": {"executed_lines": [3, 4, 6], "summary": {"covered_lines": 3, "num_statements": 3, "percent_covered": 100.0, "percent_covered_display": "100", "missing_lines": 0, "excluded_lines": 0, "percent_statements_covered": 100.0, "percent_statements_covered_display": "100"}, "missing_lines": [], "excluded_lines": [], "functions": {"": {"executed_lines": [3, 4, 6], "summary": {"covered_lines": 3, "num_statements": 3, "percent_covered": 100.0, "percent_covered_display": "100", "missing_lines": 0, "excluded_lines": 0, "percent_statements_covered": 100.0, "percent_statements_covered_display": "100"}, "missing_lines": [], "excluded_lines": [], "start_line": 1}}, "classes": {"": {"executed_lines": [3, 4, 6], "summary": {"covered_lines": 3, "num_statements": 3, "percent_covered": 100.0, "percent_covered_display": "100", "missing_lines": 0, "excluded_lines": 0, "percent_statements_covered": 100.0, "percent_statements_covered_display": "100"}, "missing_lines": [], "excluded_lines": [], "start_line": 1}}}, "src/su2_mcp/__main__.py": {"executed_lines": [], "summary": {"covered_lines": 0, "num_statements": 3, "percent_covered": 0.0, "percent_covered_display": "0", "missing_lines": 3, "excluded_lines": 0, "percent_statements_covered": 0.0, "percent_statements_covered_display": "0"}, "missing_lines": [3, 5, 6], "excluded_lines": [], "functions": {"": {"executed_lines": [], "summary": {"covered_lines": 0, "num_statements": 3, "percent_covered": 0.0, "percent_covered_display": "0", "missing_lines": 3, "excluded_lines": 0, "percent_statements_covered": 0.0, "percent_statements_covered_display": "0"}, "missing_lines": [3, 5, 6], "excluded_lines": [], "start_line": 1}}, "classes": {"": {"executed_lines": [], "summary": {"covered_lines": 0, "num_statements": 3, "percent_covered": 0.0, "percent_covered_display": "0", "missing_lines": 3, "excluded_lines": 0, "percent_statements_covered": 0.0, "percent_statements_covered_display": "0"}, "missing_lines": [3, 5, 6], "excluded_lines": [], "start_line": 1}}}, "src/su2_mcp/config_utils.py": {"executed_lines": [3, 5, 6, 9, 10, 11, 12, 13, 14, 15, 16, 17, 18, 21, 23, 24, 25, 26, 27, 28, 30, 31, 33, 34, 35, 37, 38, 41, 43, 46, 47, 48, 49, 50, 51, 54, 60, 61, 63, 64, 65, 66, 68, 69, 70, 73, 74], "summary": {"covered_lines": 47, "num_statements": 49, "percent_covered": 95.91836734693878, "percent_covered_display": "96", "missing_lines": 2, "excluded_lines": 0, "percent_statements_covered": 95.91836734693878, "percent_statements_covered_display": "96"}, "missing_lines": [29, 32], "excluded_lines": [], "functions": {"_infer_scalar": {"executed_lines": [10, 11, 12, 13, 14, 15, 16, 17, 18], "summary": {"covered_lines": 9, "num_statements": 9, "percent_covered": 100.0, "percent_covered_display": "100", "missing_lines": 0, "excluded_lines": 0, "percent_statements_covered": 100.0, "percent_statements_covered_display": "100"}, "missing_lines": [], "excluded_lines": [], "start_line": 9}, "parse_config_text": {"executed_lines": [23, 24, 25, 26, 27, 28, 30, 31, 33, 34, 35, 37, 38], "summary": {"covered_lines": 13, "num_statements": 15, "percent_covered": 86.66666666666667, "percent_covered_display": "87", "missing_lines": 2, "excluded_lines": 0, "percent_statements_covered": 86.66666666666667, "percent_statements_covered_display": "87"}, "missing_lines": [29, 32], "excluded_lines": [], "start_line": 21}, "parse_config_file": {"executed_lines": [43], "summary": {"covered_lines": 1, "num_statements": 1, "percent_covered": 100.0, "percent_covered_display": "100", "missing_lines": 0, "excluded_lines": 0, "percent_statements_covered": 100.0, "percent_statements_covered_display": "100"}, "missing_lines": [], "excluded_lines": [], "start_line": 41}, "_format_value": {"executed_lines": [47, 48, 49, 50, 51], "summary": {"covered_lines": 5, "num_statements": 5, "percent_covered": 100.0, "percent_covered_display": "100", "missing_lines": 0, "excluded_lines": 0, "percent_statements_covered": 100.0, "percent_statements_covered_display": "100"}, "missing_lines": [], "excluded_lines": [], "start_line": 46}, "update_config_entries": {"executed_lines": [60, 61, 63, 64, 65, 66, 68, 69, 70], "summary": {"covered_lines": 9, "num_statements": 9, "percent_covered": 100.0, "percent_covered_display": "100", "missing_lines": 0, "excluded_lines": 0, "percent_statements_covered": 100.0, "percent_statements_covered_display": "100"}, "missing_lines": [], "excluded_lines": [], "start_line": 54}, "_serialize_entries": {"executed_lines": [74], "summary": {"covered_lines": 1, "num_statements": 1, "percent_covered": 100.0, "percent_covered_display": "100", "missing_lines": 0, "excluded_lines": 0, "percent_statements_covered": 100.0, "percent_statements_covered_display": "100"}, "missing_lines": [], "excluded_lines": [], "start_line": 73}, "": {"executed_lines": [3, 5, 6, 9, 21, 41, 46, 54, 73], "summary": {"covered_lines": 9, "num_statements": 9, "percent_covered": 100.0, "percent_covered_display": "100", "missing_lines": 0, "excluded_lines": 0, "percent_statements_covered": 100.0, "percent_statements_covered_display": "100"}, "missing_lines": [], "excluded_lines": [], "start_line": 1}}, "classes": {"": {"executed_lines": [3, 5, 6, 9, 10, 11, 12, 13, 14, 15, 16, 17, 18, 21, 23, 24, 25, 26, 27, 28, 30, 31, 33, 34, 35, 37, 38, 41, 43, 46, 47, 48, 49, 50, 51, 54, 60, 61, 63, 64, 65, 66, 68, 69, 70, 73, 74], "summary": {"covered_lines": 47, "num_statements": 49, "percent_covered": 95.91836734693878, "percent_covered_display": "96", "missing_lines": 2, "excluded_lines": 0, "percent_statements_covered": 95.91836734693878, "percent_statements_covered_display": "96"}, "missing_lines": [29, 32], "excluded_lines": [], "start_line": 1}}}, "src/su2_mcp/data/__init__.py": {"executed_lines": [], "summary": {"covered_lines": 0, "num_statements": 0, "percent_covered": 100.0, "percent_covered_display": "100", "missing_lines": 0, "excluded_lines": 0, "percent_statements_covered": 100.0, "percent_statements_covered_display": "100"}, "missing_lines": [], "excluded_lines": [], "functions": {"": {"executed_lines": [], "summary": {"covered_lines": 0, "num_statements": 0, "percent_covered": 100.0, "percent_covered_display": "100", "missing_lines": 0, "excluded_lines": 0, "percent_statements_covered": 100.0, "percent_statements_covered_display": "100"}, "missing_lines": [], "excluded_lines": [], "start_line": 1}}, "classes": {"": {"executed_lines": [], "summary": {"covered_lines": 0, "num_statements": 0, "percent_covered": 100.0, "percent_covered_display": "100", "missing_lines": 0, "excluded_lines": 0, "percent_statements_covered": 100.0, "percent_statements_covered_display": "100"}, "missing_lines": [], "excluded_lines": [], "start_line": 1}}}, "src/su2_mcp/fastmcp_server.py": {"executed_lines": [3, 5, 7, 9, 11, 12, 19, 21, 22, 27, 29, 33, 34, 35, 36, 37, 38, 39, 40, 41, 42, 43, 44, 45, 46, 47, 48, 49, 52], "summary": {"covered_lines": 29, "num_statements": 31, "percent_covered": 93.54838709677419, "percent_covered_display": "94", "missing_lines": 2, "excluded_lines": 0, "percent_statements_covered": 93.54838709677419, "percent_statements_covered_display": "94"}, "missing_lines": [23, 24], "excluded_lines": [], "functions": {"_server_version": {"executed_lines": [21, 22], "summary": {"covered_lines": 2, "num_statements": 4, "percent_covered": 50.0, "percent_covered_display": "50", "missing_lines": 2, "excluded_lines": 0, "percent_statements_covered": 50.0, "percent_statements_covered_display": "50"}, "missing_lines": [23, 24], "excluded_lines": [], "start_line": 19}, "build_server": {"executed_lines": [29, 33, 34, 35, 36, 37, 38, 39, 40, 41, 42, 43, 44, 45, 46, 47, 48, 49], "summary": {"covered_lines": 18, "num_statements": 18, "percent_covered": 100.0, "percent_covered_display": "100", "missing_lines": 0, "excluded_lines": 0, "percent_statements_covered": 100.0, "percent_statements_covered_display": "100"}, "missing_lines": [], "excluded_lines": [], "start_line": 27}, "": {"executed_lines": [3, 5, 7, 9, 11, 12, 19, 27, 52], "summary": {"covered_lines": 9, "num_statements": 9, "percent_covered": 100.0, "percent_covered_display": "100", "missing_lines": 0, "excluded_lines": 0, "percent_statements_covered": 100.0, "percent_statements_covered_display": "100"}, "missing_lines": [], "excluded_lines": [], "start_line": 1}}, "classes": {"": {"executed_lines": [3, 5, 7, 9, 11, 12, 19, 21, 22, 27, 29, 33, 34, 35, 36, 37, 38, 39, 40, 41, 42, 43, 44, 45, 46, 47, 48, 49, 52], "summary": {"covered_lines": 29, "num_statements": 31, "percent_covered": 93.54838709677419, "percent_covered_display": "94", "missing_lines": 2, "excluded_lines": 0, "percent_statements_covered": 93.54838709677419, "percent_statements_covered_display": "94"}, "missing_lines": [23, 24], "excluded_lines": [], "start_line": 1}}}, "src/su2_mcp/main.py": {"executed_lines": [3, 5, 6, 7, 9, 11, 13, 14, 16, 24, 26, 27, 33, 38, 44, 49, 54, 59, 64, 69, 72, 84, 85, 86, 87, 88, 89, 90, 91, 92, 93, 96, 98, 99, 100, 101, 106, 108, 109, 111, 112, 115, 124, 125, 126, 129, 131], "summary": {"covered_lines": 47, "num_statements": 49, "percent_covered": 95.91836734693878, "percent_covered_display": "96", "missing_lines": 2, "excluded_lines": 0, "percent_statements_covered": 95.91836734693878, "percent_statements_covered_display": "96"}, "missing_lines": [102, 103], "excluded_lines": [], "functions": {"build_parser": {"executed_lines": [26, 27, 33, 38, 44, 49, 54, 59, 64, 69], "summary": {"covered_lines": 10, "num_statements": 10, "percent_covered": 100.0, "percent_covered_display": "100", "missing_lines": 0, "excluded_lines": 0, "percent_statements_covered": 100.0, "percent_statements_covered_display": "100"}, "missing_lines": [], "excluded_lines": [], "start_line": 24}, "create_app": {"executed_lines": [84, 85, 86, 87, 88, 89, 90, 91, 92, 93], "summary": {"covered_lines": 10, "num_statements": 10, "percent_covered": 100.0, "percent_covered_display": "100", "missing_lines": 0, "excluded_lines": 0, "percent_statements_covered": 100.0, "percent_statements_covered_display": "100"}, "missing_lines": [], "excluded_lines": [], "start_line": 72}, "_resolve_transport": {"executed_lines": [98, 99, 100, 101], "summary": {"covered_lines": 4, "num_statements": 6, "percent_covered": 66.66666666666667, "percent_covered_display": "67", "missing_lines": 2, "excluded_lines": 0, "percent_statements_covered": 66.66666666666667, "percent_statements_covered_display": "67"}, "missing_lines": [102, 103], "excluded_lines": [], "start_line": 96}, "main": {"executed_lines": [108, 109, 111, 112, 115, 124, 125, 126], "summary": {"covered_lines": 8, "num_statements": 8, "percent_covered": 100.0, "percent_covered_display": "100", "missing_lines": 0, "excluded_lines": 0, "percent_statements_covered": 100.0, "percent_statements_covered_display": "100"}, "missing_lines": [], "excluded_lines": [], "start_line": 106}, "": {"executed_lines": [3, 5, 6, 7, 9, 11, 13, 14, 16, 24, 72, 96, 106, 129, 131], "summary": {"covered_lines": 15, "num_statements": 15, "percent_covered": 100.0, "percent_covered_display": "100", "missing_lines": 0, "excluded_lines": 0, "percent_statements_covered": 100.0, "percent_statements_covered_display": "100"}, "missing_lines": [], "excluded_lines": [], "start_line": 1}}, "classes": {"": {"executed_lines": [3, 5, 6, 7, 9, 11, 13, 14, 16, 24, 26, 27, 33, 38, 44, 49, 54, 59, 64, 69, 72, 84, 85, 86, 87, 88, 89, 90, 91, 92, 93, 96, 98, 99, 100, 101, 106, 108, 109, 111, 112, 115, 124, 125, 126, 129, 131], "summary": {"covered_lines": 47, "num_statements": 49, "percent_covered": 95.91836734693878, "percent_covered_display": "96", "missing_lines": 2, "excluded_lines": 0, "percent_statements_covered": 95.91836734693878, "percent_statements_covered_display": "96"}, "missing_lines": [102, 103], "excluded_lines": [], "start_line": 1}}}, "src/su2_mcp/session_manager.py": {"executed_lines": [3, 5, 6, 7, 8, 9, 10, 11, 14, 15, 18, 19, 20, 21, 22, 25, 26, 29, 30, 31, 32, 33, 34, 37, 40, 42, 43, 45, 53, 54, 55, 56, 58, 61, 63, 64, 65, 66, 67, 68, 70, 77, 78, 80, 82, 86, 87, 88, 89, 90, 91, 92, 94, 95, 97, 99, 101, 102, 103, 105, 106, 107, 109, 111, 112, 114, 116, 117, 118, 119, 121, 136, 138, 139, 157], "summary": {"covered_lines": 75, "num_statements": 86, "percent_covered": 87.20930232558139, "percent_covered_display": "87", "missing_lines": 11, "excluded_lines": 0, "percent_statements_covered": 87.20930232558139, "percent_statements_covered_display": "87"}, "missing_lines": [96, 104, 128, 129, 130, 131, 132, 133, 134, 159, 160], "excluded_lines": [], "functions": {"SessionManager.__init__": {"executed_lines": [42, 43], "summary": {"covered_lines": 2, "num_statements": 2, "percent_covered": 100.0, "percent_covered_display": "100", "missing_lines": 0, "excluded_lines": 0, "percent_statements_covered": 100.0, "percent_statements_covered_display": "100"}, "missing_lines": [], "excluded_lines": [], "start_line": 40}, "SessionManager.create_session": {"executed_lines": [53, 54, 55, 56, 58, 61, 63, 64, 65, 66, 67, 68, 70, 77, 78, 80], "summary": {"covered_lines": 16, "num_statements": 16, "percent_covered": 100.0, "percent_covered_display": "100", "missing_lines": 0, "excluded_lines": 0, "percent_statements_covered": 100.0, "percent_statements_covered_display": "100"}, "missing_lines": [], "excluded_lines": [], "start_line": 45}, "SessionManager._ensure_mesh_filename_in_config": {"executed_lines": [86, 87, 88, 89, 90, 91, 92, 94, 95, 97], "summary": {"covered_lines": 10, "num_statements": 11, "percent_covered": 90.9090909090909, "percent_covered_display": "91", "missing_lines": 1, "excluded_lines": 0, "percent_statements_covered": 90.9090909090909, "percent_statements_covered_display": "91"}, "missing_lines": [96], "excluded_lines": [], "start_line": 82}, "SessionManager.close_session": {"executed_lines": [101, 102, 103, 105, 106, 107], "summary": {"covered_lines": 6, "num_statements": 7, "percent_covered": 85.71428571428571, "percent_covered_display": "86", "missing_lines": 1, "excluded_lines": 0, "percent_statements_covered": 85.71428571428571, "percent_statements_covered_display": "86"}, "missing_lines": [104], "excluded_lines": [], "start_line": 99}, "SessionManager.get": {"executed_lines": [111, 112], "summary": {"covered_lines": 2, "num_statements": 2, "percent_covered": 100.0, "percent_covered_display": "100", "missing_lines": 0, "excluded_lines": 0, "percent_statements_covered": 100.0, "percent_statements_covered_display": "100"}, "missing_lines": [], "excluded_lines": [], "start_line": 109}, "SessionManager.require": {"executed_lines": [116, 117, 118, 119], "summary": {"covered_lines": 4, "num_statements": 4, "percent_covered": 100.0, "percent_covered_display": "100", "missing_lines": 0, "excluded_lines": 0, "percent_statements_covered": 100.0, "percent_statements_covered_display": "100"}, "missing_lines": [], "excluded_lines": [], "start_line": 114}, "SessionManager.update_mesh": {"executed_lines": [], "summary": {"covered_lines": 0, "num_statements": 7, "percent_covered": 0.0, "percent_covered_display": "0", "missing_lines": 7, "excluded_lines": 0, "percent_statements_covered": 0.0, "percent_statements_covered_display": "0"}, "missing_lines": [128, 129, 130, 131, 132, 133, 134], "excluded_lines": [], "start_line": 121}, "SessionManager.to_info": {"executed_lines": [138, 139], "summary": {"covered_lines": 2, "num_statements": 2, "percent_covered": 100.0, "percent_covered_display": "100", "missing_lines": 0, "excluded_lines": 0, "percent_statements_covered": 100.0, "percent_statements_covered_display": "100"}, "missing_lines": [], "excluded_lines": [], "start_line": 136}, "SessionManager.record_run": {"executed_lines": [], "summary": {"covered_lines": 0, "num_statements": 2, "percent_covered": 0.0, "percent_covered_display": "0", "missing_lines": 2, "excluded_lines": 0, "percent_statements_covered": 0.0, "percent_statements_covered_display": "0"}, "missing_lines": [159, 160], "excluded_lines": [], "start_line": 157}, "": {"executed_lines": [3, 5, 6, 7, 8, 9, 10, 11, 14, 15, 18, 19, 20, 21, 22, 25, 26, 29, 30, 31, 32, 33, 34, 37, 40, 45, 82, 99, 109, 114, 121, 136, 157], "summary": {"covered_lines": 33, "num_statements": 33, "percent_covered": 100.0, "percent_covered_display": "100", "missing_lines": 0, "excluded_lines": 0, "percent_statements_covered": 100.0, "percent_statements_covered_display": "100"}, "missing_lines": [], "excluded_lines": [], "start_line": 1}}, "classes": {"LastRunMetadata": {"executed_lines": [], "summary": {"covered_lines": 0, "num_statements": 0, "percent_covered": 100.0, "percent_covered_display": "100", "missing_lines": 0, "excluded_lines": 0, "percent_statements_covered": 100.0, "percent_statements_covered_display": "100"}, "missing_lines": [], "excluded_lines": [], "start_line": 15}, "SessionRecord": {"executed_lines": [], "summary": {"covered_lines": 0, "num_statements": 0, "percent_covered": 100.0, "percent_covered_display": "100", "missing_lines": 0, "excluded_lines": 0, "percent_statements_covered": 100.0, "percent_statements_covered_display": "100"}, "missing_lines": [], "excluded_lines": [], "start_line": 26}, "SessionManager": {"executed_lines": [42, 43, 53, 54, 55, 56, 58, 61, 63, 64, 65, 66, 67, 68, 70, 77, 78, 80, 86, 87, 88, 89, 90, 91, 92, 94, 95, 97, 101, 102, 103, 105, 106, 107, 111, 112, 116, 117, 118, 119, 138, 139], "summary": {"covered_lines": 42, "num_statements": 53, "percent_covered": 79.24528301886792, "percent_covered_display": "79", "missing_lines": 11, "excluded_lines": 0, "percent_statements_covered": 79.24528301886792, "percent_statements_covered_display": "79"}, "missing_lines": [96, 104, 128, 129, 130, 131, 132, 133, 134, 159, 160], "excluded_lines": [], "start_line": 37}, "": {"executed_lines": [3, 5, 6, 7, 8, 9, 10, 11, 14, 15, 18, 19, 20, 21, 22, 25, 26, 29, 30, 31, 32, 33, 34, 37, 40, 45, 82, 99, 109, 114, 121, 136, 157], "summary": {"covered_lines": 33, "num_statements": 33, "percent_covered": 100.0, "percent_covered_display": "100", "missing_lines": 0, "excluded_lines": 0, "percent_statements_covered": 100.0, "percent_statements_covered_display": "100"}, "missing_lines": [], "excluded_lines": [], "start_line": 1}}}, "src/su2_mcp/su2_availability.py": {"executed_lines": [3, 5, 6, 7, 9, 12, 13, 16, 17, 19, 20, 22, 25, 51, 53, 54, 64, 84, 85, 88], "summary": {"covered_lines": 20, "num_statements": 22, "percent_covered": 90.9090909090909, "percent_covered_display": "91", "missing_lines": 2, "excluded_lines": 0, "percent_statements_covered": 90.9090909090909, "percent_statements_covered_display": "91"}, "missing_lines": [42, 45], "excluded_lines": [], "functions": {"SU2BinaryStatus.available": {"executed_lines": [22], "summary": {"covered_lines": 1, "num_statements": 1, "percent_covered": 100.0, "percent_covered_display": "100", "missing_lines": 0, "excluded_lines": 0, "percent_statements_covered": 100.0, "percent_statements_covered_display": "100"}, "missing_lines": [], "excluded_lines": [], "start_line": 20}, "discover_su2_binaries": {"executed_lines": [], "summary": {"covered_lines": 0, "num_statements": 2, "percent_covered": 0.0, "percent_covered_display": "0", "missing_lines": 2, "excluded_lines": 0, "percent_statements_covered": 0.0, "percent_statements_covered_display": "0"}, "missing_lines": [42, 45], "excluded_lines": [], "start_line": 25}, "summarize_binaries": {"executed_lines": [53, 54], "summary": {"covered_lines": 2, "num_statements": 2, "percent_covered": 100.0, "percent_covered_display": "100", "missing_lines": 0, "excluded_lines": 0, "percent_statements_covered": 100.0, "percent_statements_covered_display": "100"}, "missing_lines": [], "excluded_lines": [], "start_line": 51}, "check_su2_installation": {"executed_lines": [84, 85], "summary": {"covered_lines": 2, "num_statements": 2, "percent_covered": 100.0, "percent_covered_display": "100", "missing_lines": 0, "excluded_lines": 0, "percent_statements_covered": 100.0, "percent_statements_covered_display": "100"}, "missing_lines": [], "excluded_lines": [], "start_line": 64}, "": {"executed_lines": [3, 5, 6, 7, 9, 12, 13, 16, 17, 19, 20, 25, 51, 64, 88], "summary": {"covered_lines": 15, "num_statements": 15, "percent_covered": 100.0, "percent_covered_display": "100", "missing_lines": 0, "excluded_lines": 0, "percent_statements_covered": 100.0, "percent_statements_covered_display": "100"}, "missing_lines": [], "excluded_lines": [], "start_line": 1}}, "classes": {"SU2BinaryStatus": {"executed_lines": [22], "summary": {"covered_lines": 1, "num_statements": 1, "percent_covered": 100.0, "percent_covered_display": "100", "missing_lines": 0, "excluded_lines": 0, "percent_statements_covered": 100.0, "percent_statements_covered_display": "100"}, "missing_lines": [], "excluded_lines": [], "start_line": 13}, "": {"executed_lines": [3, 5, 6, 7, 9, 12, 13, 16, 17, 19, 20, 25, 51, 53, 54, 64, 84, 85, 88], "summary": {"covered_lines": 19, "num_statements": 21, "percent_covered": 90.47619047619048, "percent_covered_display": "90", "missing_lines": 2, "excluded_lines": 0, "percent_statements_covered": 90.47619047619048, "percent_statements_covered_display": "90"}, "missing_lines": [42, 45], "excluded_lines": [], "start_line": 1}}}, "src/su2_mcp/su2_runner.py": {"executed_lines": [3, 5, 6, 7, 8, 10, 13, 16, 18, 20, 28, 29, 30, 52, 68, 69, 70, 85, 91, 112], "summary": {"covered_lines": 20, "num_statements": 54, "percent_covered": 37.03703703703704, "percent_covered_display": "37", "missing_lines": 34, "excluded_lines": 0, "percent_statements_covered": 37.03703703703704, "percent_statements_covered_display": "37"}, "missing_lines": [39, 40, 41, 42, 43, 53, 54, 86, 87, 88, 89, 92, 93, 94, 95, 96, 97, 98, 99, 100, 101, 102, 103, 104, 105, 106, 107, 108, 109, 114, 115, 117, 120, 124], "excluded_lines": [], "functions": {"SU2Runner.__init__": {"executed_lines": [18], "summary": {"covered_lines": 1, "num_statements": 1, "percent_covered": 100.0, "percent_covered_display": "100", "missing_lines": 0, "excluded_lines": 0, "percent_statements_covered": 100.0, "percent_statements_covered_display": "100"}, "missing_lines": [], "excluded_lines": [], "start_line": 16}, "SU2Runner.run": {"executed_lines": [28, 29, 30, 52, 68, 69, 70], "summary": {"covered_lines": 7, "num_statements": 14, "percent_covered": 50.0, "percent_covered_display": "50", "missing_lines": 7, "excluded_lines": 0, "percent_statements_covered": 50.0, "percent_statements_covered_display": "50"}, "missing_lines": [39, 40, 41, 42, 43, 53, 54], "excluded_lines": [], "start_line": 20}, "SU2Runner._parse_history_files": {"executed_lines": [], "summary": {"covered_lines": 0, "num_statements": 4, "percent_covered": 0.0, "percent_covered_display": "0", "missing_lines": 4, "excluded_lines": 0, "percent_statements_covered": 0.0, "percent_statements_covered_display": "0"}, "missing_lines": [86, 87, 88, 89], "excluded_lines": [], "start_line": 85}, "SU2Runner._read_history": {"executed_lines": [], "summary": {"covered_lines": 0, "num_statements": 18, "percent_covered": 0.0, "percent_covered_display": "0", "missing_lines": 18, "excluded_lines": 0, "percent_statements_covered": 0.0, "percent_statements_covered_display": "0"}, "missing_lines": [92, 93, 94, 95, 96, 97, 98, 99, 100, 101, 102, 103, 104, 105, 106, 107, 108, 109], "excluded_lines": [], "start_line": 91}, "build_last_run_metadata": {"executed_lines": [], "summary": {"covered_lines": 0, "num_statements": 5, "percent_covered": 0.0, "percent_covered_display": "0", "missing_lines": 5, "excluded_lines": 0, "percent_statements_covered": 0.0, "percent_statements_covered_display": "0"}, "missing_lines": [114, 115, 117, 120, 124], "excluded_lines": [], "start_line": 112}, "": {"executed_lines": [3, 5, 6, 7, 8, 10, 13, 16, 20, 85, 91, 112], "summary": {"covered_lines": 12, "num_statements": 12, "percent_covered": 100.0, "percent_covered_display": "100", "missing_lines": 0, "excluded_lines": 0, "percent_statements_covered": 100.0, "percent_statements_covered_display": "100"}, "missing_lines": [], "excluded_lines": [], "start_line": 1}}, "classes": {"SU2Runner": {"executed_lines": [18, 28, 29, 30, 52, 68, 69, 70], "summary": {"covered_lines": 8, "num_statements": 37, "percent_covered": 21.62162162162162, "percent_covered_display": "22", "missing_lines": 29, "excluded_lines": 0, "percent_statements_covered": 21.62162162162162, "percent_statements_covered_display": "22"}, "missing_lines": [39, 40, 41, 42, 43, 53, 54, 86, 87, 88, 89, 92, 93, 94, 95, 96, 97, 98, 99, 100, 101, 102, 103, 104, 105, 106, 107, 108, 109], "excluded_lines": [], "start_line": 13}, "": {"executed_lines": [3, 5, 6, 7, 8, 10, 13, 16, 20, 85, 91, 112], "summary": {"covered_lines": 12, "num_statements": 17, "percent_covered": 70.58823529411765, "percent_covered_display": "71", "missing_lines": 5, "excluded_lines": 0, "percent_statements_covered": 70.58823529411765, "percent_statements_covered_display": "71"}, "missing_lines": [114, 115, 117, 120, 124], "excluded_lines": [], "start_line": 1}}}, "src/su2_mcp/tools/__init__.py": {"executed_lines": [3, 9, 10, 11, 17, 18, 24, 26], "summary": {"covered_lines": 8, "num_statements": 8, "percent_covered": 100.0, "percent_covered_display": "100", "missing_lines": 0, "excluded_lines": 0, "percent_statements_covered": 100.0, "percent_statements_covered_display": "100"}, "missing_lines": [], "excluded_lines": [], "functions": {"": {"executed_lines": [3, 9, 10, 11, 17, 18, 24, 26], "summary": {"covered_lines": 8, "num_statements": 8, "percent_covered": 100.0, "percent_covered_display": "100", "missing_lines": 0, "excluded_lines": 0, "percent_statements_covered": 100.0, "percent_statements_covered_display": "100"}, "missing_lines": [], "excluded_lines": [], "start_line": 1}}, "classes": {"": {"executed_lines": [3, 9, 10, 11, 17, 18, 24, 26], "summary": {"covered_lines": 8, "num_statements": 8, "percent_covered": 100.0, "percent_covered_display": "100", "missing_lines": 0, "excluded_lines": 0, "percent_statements_covered": 100.0, "percent_statements_covered_display": "100"}, "missing_lines": [], "excluded_lines": [], "start_line": 1}}}, "src/su2_mcp/tools/config_tools.py": {"executed_lines": [3, 5, 7, 8, 11, 13, 14, 15, 22, 24, 25, 26, 27, 34, 40, 41, 42, 45, 52, 73], "summary": {"covered_lines": 20, "num_statements": 33, "percent_covered": 60.60606060606061, "percent_covered_display": "61", "missing_lines": 13, "excluded_lines": 8, "percent_statements_covered": 60.60606060606061, "percent_statements_covered_display": "61"}, "missing_lines": [16, 17, 28, 29, 46, 47, 59, 60, 61, 62, 66, 67, 68], "excluded_lines": [18, 19, 30, 31, 48, 49, 69, 70], "functions": {"get_config_text": {"executed_lines": [13, 14, 15], "summary": {"covered_lines": 3, "num_statements": 5, "percent_covered": 60.0, "percent_covered_display": "60", "missing_lines": 2, "excluded_lines": 2, "percent_statements_covered": 60.0, "percent_statements_covered_display": "60"}, "missing_lines": [16, 17], "excluded_lines": [18, 19], "start_line": 11}, "parse_config": {"executed_lines": [24, 25, 26, 27], "summary": {"covered_lines": 4, "num_statements": 6, "percent_covered": 66.66666666666667, "percent_covered_display": "67", "missing_lines": 2, "excluded_lines": 2, "percent_statements_covered": 66.66666666666667, "percent_statements_covered_display": "67"}, "missing_lines": [28, 29], "excluded_lines": [30, 31], "start_line": 22}, "update_config_entries": {"executed_lines": [40, 41, 42, 45], "summary": {"covered_lines": 4, "num_statements": 6, "percent_covered": 66.66666666666667, "percent_covered_display": "67", "missing_lines": 2, "excluded_lines": 2, "percent_statements_covered": 66.66666666666667, "percent_statements_covered_display": "67"}, "missing_lines": [46, 47], "excluded_lines": [48, 49], "start_line": 34}, "set_mesh": {"executed_lines": [], "summary": {"covered_lines": 0, "num_statements": 7, "percent_covered": 0.0, "percent_covered_display": "0", "missing_lines": 7, "excluded_lines": 2, "percent_statements_covered": 0.0, "percent_statements_covered_display": "0"}, "missing_lines": [59, 60, 61, 62, 66, 67, 68], "excluded_lines": [69, 70], "start_line": 52}, "": {"executed_lines": [3, 5, 7, 8, 11, 22, 34, 52, 73], "summary": {"covered_lines": 9, "num_statements": 9, "percent_covered": 100.0, "percent_covered_display": "100", "missing_lines": 0, "excluded_lines": 0, "percent_statements_covered": 100.0, "percent_statements_covered_display": "100"}, "missing_lines": [], "excluded_lines": [], "start_line": 1}}, "classes": {"": {"executed_lines": [3, 5, 7, 8, 11, 13, 14, 15, 22, 24, 25, 26, 27, 34, 40, 41, 42, 45, 52, 73], "summary": {"covered_lines": 20, "num_statements": 33, "percent_covered": 60.60606060606061, "percent_covered_display": "61", "missing_lines": 13, "excluded_lines": 8, "percent_statements_covered": 60.60606060606061, "percent_statements_covered_display": "61"}, "missing_lines": [16, 17, 28, 29, 46, 47, 59, 60, 61, 62, 66, 67, 68], "excluded_lines": [18, 19, 30, 31, 48, 49, 69, 70], "start_line": 1}}}, "src/su2_mcp/tools/mesh_tools.py": {"executed_lines": [3, 5, 6, 7, 8, 9, 11, 14, 22, 134], "summary": {"covered_lines": 10, "num_statements": 52, "percent_covered": 19.23076923076923, "percent_covered_display": "19", "missing_lines": 42, "excluded_lines": 2, "percent_statements_covered": 19.23076923076923, "percent_statements_covered_display": "19"}, "missing_lines": [16, 18, 19, 46, 47, 48, 49, 51, 52, 53, 59, 60, 61, 62, 64, 65, 71, 72, 73, 74, 76, 77, 78, 79, 83, 85, 87, 88, 90, 91, 92, 99, 100, 108, 109, 114, 115, 116, 117, 122, 123, 131], "excluded_lines": [128, 129], "functions": {"_default_geo_content": {"executed_lines": [], "summary": {"covered_lines": 0, "num_statements": 3, "percent_covered": 0.0, "percent_covered_display": "0", "missing_lines": 3, "excluded_lines": 0, "percent_statements_covered": 0.0, "percent_statements_covered_display": "0"}, "missing_lines": [16, 18, 19], "excluded_lines": [], "start_line": 14}, "generate_mesh_from_step": {"executed_lines": [], "summary": {"covered_lines": 0, "num_statements": 39, "percent_covered": 0.0, "percent_covered_display": "0", "missing_lines": 39, "excluded_lines": 2, "percent_statements_covered": 0.0, "percent_statements_covered_display": "0"}, "missing_lines": [46, 47, 48, 49, 51, 52, 53, 59, 60, 61, 62, 64, 65, 71, 72, 73, 74, 76, 77, 78, 79, 83, 85, 87, 88, 90, 91, 92, 99, 100, 108, 109, 114, 115, 116, 117, 122, 123, 131], "excluded_lines": [128, 129], "start_line": 22}, "": {"executed_lines": [3, 5, 6, 7, 8, 9, 11, 14, 22, 134], "summary": {"covered_lines": 10, "num_statements": 10, "percent_covered": 100.0, "percent_covered_display": "100", "missing_lines": 0, "excluded_lines": 0, "percent_statements_covered": 100.0, "percent_statements_covered_display": "100"}, "missing_lines": [], "excluded_lines": [], "start_line": 1}}, "classes": {"": {"executed_lines": [3, 5, 6, 7, 8, 9, 11, 14, 22, 134], "summary": {"covered_lines": 10, "num_statements": 52, "percent_covered": 19.23076923076923, "percent_covered_display": "19", "missing_lines": 42, "excluded_lines": 2, "percent_statements_covered": 19.23076923076923, "percent_statements_covered_display": "19"}, "missing_lines": [16, 18, 19, 46, 47, 48, 49, 51, 52, 53, 59, 60, 61, 62, 64, 65, 71, 72, 73, 74, 76, 77, 78, 79, 83, 85, 87, 88, 90, 91, 92, 99, 100, 108, 109, 114, 115, 116, 117, 122, 123, 131], "excluded_lines": [128, 129], "start_line": 1}}}, "src/su2_mcp/tools/ping.py": {"executed_lines": [3, 5, 7, 10, 13, 19, 22, 25, 28, 29, 32, 43], "summary": {"covered_lines": 12, "num_statements": 15, "percent_covered": 80.0, "percent_covered_display": "80", "missing_lines": 3, "excluded_lines": 0, "percent_statements_covered": 80.0, "percent_statements_covered_display": "80"}, "missing_lines": [38, 39, 40], "excluded_lines": [], "functions": {"ping": {"executed_lines": [], "summary": {"covered_lines": 0, "num_statements": 3, "percent_covered": 0.0, "percent_covered_display": "0", "missing_lines": 3, "excluded_lines": 0, "percent_statements_covered": 0.0, "percent_statements_covered_display": "0"}, "missing_lines": [38, 39, 40], "excluded_lines": [], "start_line": 32}, "": {"executed_lines": [3, 5, 7, 10, 13, 19, 22, 25, 28, 29, 32, 43], "summary": {"covered_lines": 12, "num_statements": 12, "percent_covered": 100.0, "percent_covered_display": "100", "missing_lines": 0, "excluded_lines": 0, "percent_statements_covered": 100.0, "percent_statements_covered_display": "100"}, "missing_lines": [], "excluded_lines": [], "start_line": 1}}, "classes": {"PingRequest": {"executed_lines": [], "summary": {"covered_lines": 0, "num_statements": 0, "percent_covered": 100.0, "percent_covered_display": "100", "missing_lines": 0, "excluded_lines": 0, "percent_statements_covered": 100.0, "percent_statements_covered_display": "100"}, "missing_lines": [], "excluded_lines": [], "start_line": 10}, "PingResponse": {"executed_lines": [], "summary": {"covered_lines": 0, "num_statements": 0, "percent_covered": 100.0, "percent_covered_display": "100", "missing_lines": 0, "excluded_lines": 0, "percent_statements_covered": 100.0, "percent_statements_covered_display": "100"}, "missing_lines": [], "excluded_lines": [], "start_line": 19}, "": {"executed_lines": [3, 5, 7, 10, 13, 19, 22, 25, 28, 29, 32, 43], "summary": {"covered_lines": 12, "num_statements": 15, "percent_covered": 80.0, "percent_covered_display": "80", "missing_lines": 3, "excluded_lines": 0, "percent_statements_covered": 80.0, "percent_statements_covered_display": "80"}, "missing_lines": [38, 39, 40], "excluded_lines": [], "start_line": 1}}}, "src/su2_mcp/tools/results_tools.py": {"executed_lines": [3, 5, 6, 7, 9, 12, 16, 17, 18, 19, 20, 21, 23, 32, 39, 43, 44, 45, 46, 47, 51, 53, 54, 55, 56, 68, 76, 77, 78, 79, 81, 82, 83, 84, 85, 86, 88, 89, 91, 98, 109, 110, 112, 113, 118, 156], "summary": {"covered_lines": 46, "num_statements": 79, "percent_covered": 58.22784810126582, "percent_covered_display": "58", "missing_lines": 33, "excluded_lines": 8, "percent_statements_covered": 58.22784810126582, "percent_statements_covered_display": "58"}, "missing_lines": [22, 33, 34, 48, 52, 62, 63, 80, 87, 90, 103, 104, 111, 114, 115, 126, 127, 128, 129, 130, 131, 132, 133, 134, 135, 136, 137, 142, 147, 148, 149, 150, 151], "excluded_lines": [35, 36, 64, 65, 105, 106, 152, 153], "functions": {"list_result_files": {"executed_lines": [16, 17, 18, 19, 20, 21, 23, 32], "summary": {"covered_lines": 8, "num_statements": 11, "percent_covered": 72.72727272727273, "percent_covered_display": "73", "missing_lines": 3, "excluded_lines": 2, "percent_statements_covered": 72.72727272727273, "percent_statements_covered_display": "73"}, "missing_lines": [22, 33, 34], "excluded_lines": [35, 36], "start_line": 12}, "get_result_file_base64": {"executed_lines": [43, 44, 45, 46, 47, 51, 53, 54, 55, 56], "summary": {"covered_lines": 10, "num_statements": 14, "percent_covered": 71.42857142857143, "percent_covered_display": "71", "missing_lines": 4, "excluded_lines": 2, "percent_statements_covered": 71.42857142857143, "percent_statements_covered_display": "71"}, "missing_lines": [48, 52, 62, 63], "excluded_lines": [64, 65], "start_line": 39}, "read_history_csv": {"executed_lines": [76, 77, 78, 79, 81, 82, 83, 84, 85, 86, 88, 89, 91, 98], "summary": {"covered_lines": 14, "num_statements": 19, "percent_covered": 73.6842105263158, "percent_covered_display": "74", "missing_lines": 5, "excluded_lines": 2, "percent_statements_covered": 73.6842105263158, "percent_statements_covered_display": "74"}, "missing_lines": [80, 87, 90, 103, 104], "excluded_lines": [105, 106], "start_line": 68}, "_coerce_value": {"executed_lines": [110, 112, 113], "summary": {"covered_lines": 3, "num_statements": 6, "percent_covered": 50.0, "percent_covered_display": "50", "missing_lines": 3, "excluded_lines": 0, "percent_statements_covered": 50.0, "percent_statements_covered_display": "50"}, "missing_lines": [111, 114, 115], "excluded_lines": [], "start_line": 109}, "sample_surface_solution": {"executed_lines": [], "summary": {"covered_lines": 0, "num_statements": 18, "percent_covered": 0.0, "percent_covered_display": "0", "missing_lines": 18, "excluded_lines": 2, "percent_statements_covered": 0.0, "percent_statements_covered_display": "0"}, "missing_lines": [126, 127, 128, 129, 130, 131, 132, 133, 134, 135, 136, 137, 142, 147, 148, 149, 150, 151], "excluded_lines": [152, 153], "start_line": 118}, "": {"executed_lines": [3, 5, 6, 7, 9, 12, 39, 68, 109, 118, 156], "summary": {"covered_lines": 11, "num_statements": 11, "percent_covered": 100.0, "percent_covered_display": "100", "missing_lines": 0, "excluded_lines": 0, "percent_statements_covered": 100.0, "percent_statements_covered_display": "100"}, "missing_lines": [], "excluded_lines": [], "start_line": 1}}, "classes": {"": {"executed_lines": [3, 5, 6, 7, 9, 12, 16, 17, 18, 19, 20, 21, 23, 32, 39, 43, 44, 45, 46, 47, 51, 53, 54, 55, 56, 68, 76, 77, 78, 79, 81, 82, 83, 84, 85, 86, 88, 89, 91, 98, 109, 110, 112, 113, 118, 156], "summary": {"covered_lines": 46, "num_statements": 79, "percent_covered": 58.22784810126582, "percent_covered_display": "58", "missing_lines": 33, "excluded_lines": 8, "percent_statements_covered": 58.22784810126582, "percent_statements_covered_display": "58"}, "missing_lines": [22, 33, 34, 48, 52, 62, 63, 80, 87, 90, 103, 104, 111, 114, 115, 126, 127, 128, 129, 130, 131, 132, 133, 134, 135, 136, 137, 142, 147, 148, 149, 150, 151], "excluded_lines": [35, 36, 64, 65, 105, 106, 152, 153], "start_line": 1}}}, "src/su2_mcp/tools/run_tools.py": {"executed_lines": [3, 5, 6, 9, 15, 21, 29, 30, 31, 36, 37, 38, 41, 48, 83], "summary": {"covered_lines": 15, "num_statements": 37, "percent_covered": 40.54054054054054, "percent_covered_display": "41", "missing_lines": 22, "excluded_lines": 4, "percent_statements_covered": 40.54054054054054, "percent_statements_covered_display": "41"}, "missing_lines": [10, 11, 12, 16, 17, 18, 39, 40, 42, 43, 55, 56, 57, 60, 61, 64, 65, 74, 75, 76, 77, 78], "excluded_lines": [44, 45, 79, 80], "functions": {"_as_int": {"executed_lines": [], "summary": {"covered_lines": 0, "num_statements": 3, "percent_covered": 0.0, "percent_covered_display": "0", "missing_lines": 3, "excluded_lines": 0, "percent_statements_covered": 0.0, "percent_statements_covered_display": "0"}, "missing_lines": [10, 11, 12], "excluded_lines": [], "start_line": 9}, "_as_float": {"executed_lines": [], "summary": {"covered_lines": 0, "num_statements": 3, "percent_covered": 0.0, "percent_covered_display": "0", "missing_lines": 3, "excluded_lines": 0, "percent_statements_covered": 0.0, "percent_statements_covered_display": "0"}, "missing_lines": [16, 17, 18], "excluded_lines": [], "start_line": 15}, "run_su2_solver": {"executed_lines": [29, 30, 31, 36, 37, 38, 41], "summary": {"covered_lines": 7, "num_statements": 11, "percent_covered": 63.63636363636363, "percent_covered_display": "64", "missing_lines": 4, "excluded_lines": 2, "percent_statements_covered": 63.63636363636363, "percent_statements_covered_display": "64"}, "missing_lines": [39, 40, 42, 43], "excluded_lines": [44, 45], "start_line": 21}, "generate_deformed_mesh": {"executed_lines": [], "summary": {"covered_lines": 0, "num_statements": 12, "percent_covered": 0.0, "percent_covered_display": "0", "missing_lines": 12, "excluded_lines": 2, "percent_statements_covered": 0.0, "percent_statements_covered_display": "0"}, "missing_lines": [55, 56, 57, 60, 61, 64, 65, 74, 75, 76, 77, 78], "excluded_lines": [79, 80], "start_line": 48}, "": {"executed_lines": [3, 5, 6, 9, 15, 21, 48, 83], "summary": {"covered_lines": 8, "num_statements": 8, "percent_covered": 100.0, "percent_covered_display": "100", "missing_lines": 0, "excluded_lines": 0, "percent_statements_covered": 100.0, "percent_statements_covered_display": "100"}, "missing_lines": [], "excluded_lines": [], "start_line": 1}}, "classes": {"": {"executed_lines": [3, 5, 6, 9, 15, 21, 29, 30, 31, 36, 37, 38, 41, 48, 83], "summary": {"covered_lines": 15, "num_statements": 37, "percent_covered": 40.54054054054054, "percent_covered_display": "41", "missing_lines": 22, "excluded_lines": 4, "percent_statements_covered": 40.54054054054054, "percent_statements_covered_display": "41"}, "missing_lines": [10, 11, 12, 16, 17, 18, 39, 40, 42, 43, 55, 56, 57, 60, 61, 64, 65, 74, 75, 76, 77, 78], "excluded_lines": [44, 45, 79, 80], "start_line": 1}}}, "src/su2_mcp/tools/session.py": {"executed_lines": [3, 5, 7, 10, 14, 17, 24, 25, 31, 41, 45, 46, 49, 54, 56, 57, 58, 59, 64], "summary": {"covered_lines": 19, "num_statements": 19, "percent_covered": 100.0, "percent_covered_display": "100", "missing_lines": 0, "excluded_lines": 6, "percent_statements_covered": 100.0, "percent_statements_covered_display": "100"}, "missing_lines": [], "excluded_lines": [37, 38, 50, 51, 60, 61], "functions": {"_error": {"executed_lines": [14], "summary": {"covered_lines": 1, "num_statements": 1, "percent_covered": 100.0, "percent_covered_display": "100", "missing_lines": 0, "excluded_lines": 0, "percent_statements_covered": 100.0, "percent_statements_covered_display": "100"}, "missing_lines": [], "excluded_lines": [], "start_line": 10}, "create_su2_session": {"executed_lines": [24, 25, 31], "summary": {"covered_lines": 3, "num_statements": 3, "percent_covered": 100.0, "percent_covered_display": "100", "missing_lines": 0, "excluded_lines": 2, "percent_statements_covered": 100.0, "percent_statements_covered_display": "100"}, "missing_lines": [], "excluded_lines": [37, 38], "start_line": 17}, "close_su2_session": {"executed_lines": [45, 46, 49], "summary": {"covered_lines": 3, "num_statements": 3, "percent_covered": 100.0, "percent_covered_display": "100", "missing_lines": 0, "excluded_lines": 2, "percent_statements_covered": 100.0, "percent_statements_covered_display": "100"}, "missing_lines": [], "excluded_lines": [50, 51], "start_line": 41}, "get_session_info": {"executed_lines": [56, 57, 58, 59], "summary": {"covered_lines": 4, "num_statements": 4, "percent_covered": 100.0, "percent_covered_display": "100", "missing_lines": 0, "excluded_lines": 2, "percent_statements_covered": 100.0, "percent_statements_covered_display": "100"}, "missing_lines": [], "excluded_lines": [60, 61], "start_line": 54}, "": {"executed_lines": [3, 5, 7, 10, 17, 41, 54, 64], "summary": {"covered_lines": 8, "num_statements": 8, "percent_covered": 100.0, "percent_covered_display": "100", "missing_lines": 0, "excluded_lines": 0, "percent_statements_covered": 100.0, "percent_statements_covered_display": "100"}, "missing_lines": [], "excluded_lines": [], "start_line": 1}}, "classes": {"": {"executed_lines": [3, 5, 7, 10, 14, 17, 24, 25, 31, 41, 45, 46, 49, 54, 56, 57, 58, 59, 64], "summary": {"covered_lines": 19, "num_statements": 19, "percent_covered": 100.0, "percent_covered_display": "100", "missing_lines": 0, "excluded_lines": 6, "percent_statements_covered": 100.0, "percent_statements_covered_display": "100"}, "missing_lines": [], "excluded_lines": [37, 38, 50, 51, 60, 61], "start_line": 1}}}, "src/su2_mcp/tools/su2_installation.py": {"executed_lines": [3, 5, 8, 24], "summary": {"covered_lines": 4, "num_statements": 5, "percent_covered": 80.0, "percent_covered_display": "80", "missing_lines": 1, "excluded_lines": 0, "percent_statements_covered": 80.0, "percent_statements_covered_display": "80"}, "missing_lines": [21], "excluded_lines": [], "functions": {"get_su2_status": {"executed_lines": [], "summary": {"covered_lines": 0, "num_statements": 1, "percent_covered": 0.0, "percent_covered_display": "0", "missing_lines": 1, "excluded_lines": 0, "percent_statements_covered": 0.0, "percent_statements_covered_display": "0"}, "missing_lines": [21], "excluded_lines": [], "start_line": 8}, "": {"executed_lines": [3, 5, 8, 24], "summary": {"covered_lines": 4, "num_statements": 4, "percent_covered": 100.0, "percent_covered_display": "100", "missing_lines": 0, "excluded_lines": 0, "percent_statements_covered": 100.0, "percent_statements_covered_display": "100"}, "missing_lines": [], "excluded_lines": [], "start_line": 1}}, "classes": {"": {"executed_lines": [3, 5, 8, 24], "summary": {"covered_lines": 4, "num_statements": 5, "percent_covered": 80.0, "percent_covered_display": "80", "missing_lines": 1, "excluded_lines": 0, "percent_statements_covered": 80.0, "percent_statements_covered_display": "80"}, "missing_lines": [21], "excluded_lines": [], "start_line": 1}}}}, "totals": {"covered_lines": 375, "num_statements": 545, "percent_covered": 68.80733944954129, "percent_covered_display": "69", "missing_lines": 170, "excluded_lines": 28, "percent_statements_covered": 68.80733944954129, "percent_statements_covered_display": "69"}}